<?xml version="1.0" encoding="UTF-8"?>
<robot generator="Robot 4.1.3 (Python 3.10.1 on win32)" generated="20220209 13:02:44.701" rpa="false" schemaversion="2">
<suite id="s1" name="Cadastro" source="C:\Users\Joao\Desktop\Prova\Cadastro_Usuarios\tests\cadastro.robot">
<test id="s1-t1" name="Cenário: Cadastro de usuários">
<kw name="Abrir navegador" library="Resource" type="SETUP">
<kw name="Open Browser" library="SeleniumLibrary">
<arg>${URL}</arg>
<arg>${BROWSER}</arg>
<doc>Opens a new browser instance to the optional ``url``.</doc>
<msg timestamp="20220209 13:02:46.008" level="INFO">Opening browser 'chrome' to base url 'http://prova.stefanini-jgr.com.br/teste/qa/'.</msg>
<status status="PASS" starttime="20220209 13:02:46.008" endtime="20220209 13:03:00.899"/>
</kw>
<kw name="Maximize Browser Window" library="SeleniumLibrary">
<doc>Maximizes current browser window.</doc>
<status status="PASS" starttime="20220209 13:03:00.899" endtime="20220209 13:03:01.277"/>
</kw>
<status status="PASS" starttime="20220209 13:02:46.000" endtime="20220209 13:03:01.277"/>
</kw>
<kw name="Dado que estou na página home do site">
<kw name="Acessar a página home do site" library="Resource">
<kw name="Title Should Be" library="SeleniumLibrary">
<arg>Cadastro de usuários</arg>
<doc>Verifies that the current page title equals ``title``.</doc>
<msg timestamp="20220209 13:03:01.392" level="INFO">Page title is 'Cadastro de usuários'.</msg>
<status status="PASS" starttime="20220209 13:03:01.285" endtime="20220209 13:03:01.392"/>
</kw>
<kw name="Wait Until Element Is Visible" library="SeleniumLibrary">
<arg>xpath=//h2[normalize-space()='Formulário']</arg>
<doc>Waits until the element ``locator`` is visible.</doc>
<status status="PASS" starttime="20220209 13:03:01.392" endtime="20220209 13:03:02.020"/>
</kw>
<kw name="Capture Page Screenshot" library="SeleniumLibrary">
<doc>Takes a screenshot of the current page and embeds it into a log file.</doc>
<msg timestamp="20220209 13:03:02.864" level="INFO" html="true">&lt;/td&gt;&lt;/tr&gt;&lt;tr&gt;&lt;td colspan="3"&gt;&lt;a href="selenium-screenshot-8.png"&gt;&lt;img src="selenium-screenshot-8.png" width="800px"&gt;&lt;/a&gt;</msg>
<status status="PASS" starttime="20220209 13:03:02.020" endtime="20220209 13:03:02.864"/>
</kw>
<status status="PASS" starttime="20220209 13:03:01.285" endtime="20220209 13:03:02.864"/>
</kw>
<status status="PASS" starttime="20220209 13:03:01.277" endtime="20220209 13:03:02.864"/>
</kw>
<kw name="E que tenha preenchido e cadastrado os dados do Nome, E-mail e Senha">
<kw name="Prenchimento dos dados do usuario 1" library="Resource">
<kw name="Input Text" library="SeleniumLibrary">
<arg>id=name</arg>
<arg>João Victor de Araujo</arg>
<doc>Types the given ``text`` into the text field identified by ``locator``.</doc>
<msg timestamp="20220209 13:03:02.911" level="INFO">Typing text 'João Victor de Araujo' into text field 'id=name'.</msg>
<status status="PASS" starttime="20220209 13:03:02.911" endtime="20220209 13:03:05.147"/>
</kw>
<kw name="Input Text" library="SeleniumLibrary">
<arg>id=email</arg>
<arg>Joaotxa@gmail.com</arg>
<doc>Types the given ``text`` into the text field identified by ``locator``.</doc>
<msg timestamp="20220209 13:03:05.147" level="INFO">Typing text 'Joaotxa@gmail.com' into text field 'id=email'.</msg>
<status status="PASS" starttime="20220209 13:03:05.147" endtime="20220209 13:03:05.759"/>
</kw>
<kw name="Input Text" library="SeleniumLibrary">
<arg>id=password</arg>
<arg>qa123456</arg>
<doc>Types the given ``text`` into the text field identified by ``locator``.</doc>
<msg timestamp="20220209 13:03:05.767" level="INFO">Typing text 'qa123456' into text field 'id=password'.</msg>
<status status="PASS" starttime="20220209 13:03:05.759" endtime="20220209 13:03:06.378"/>
</kw>
<kw name="Click Element" library="SeleniumLibrary">
<arg>id=register</arg>
<doc>Click the element identified by ``locator``.</doc>
<msg timestamp="20220209 13:03:06.378" level="INFO">Clicking element 'id=register'.</msg>
<status status="PASS" starttime="20220209 13:03:06.378" endtime="20220209 13:03:07.053"/>
</kw>
<kw name="Capture Page Screenshot" library="SeleniumLibrary">
<doc>Takes a screenshot of the current page and embeds it into a log file.</doc>
<msg timestamp="20220209 13:03:07.550" level="INFO" html="true">&lt;/td&gt;&lt;/tr&gt;&lt;tr&gt;&lt;td colspan="3"&gt;&lt;a href="selenium-screenshot-9.png"&gt;&lt;img src="selenium-screenshot-9.png" width="800px"&gt;&lt;/a&gt;</msg>
<status status="PASS" starttime="20220209 13:03:07.053" endtime="20220209 13:03:07.550"/>
</kw>
<status status="PASS" starttime="20220209 13:03:02.911" endtime="20220209 13:03:07.550"/>
</kw>
<kw name="Prenchimento dos dados do usuario 2" library="Resource">
<kw name="Input Text" library="SeleniumLibrary">
<arg>id=name</arg>
<arg>Anderson White</arg>
<doc>Types the given ``text`` into the text field identified by ``locator``.</doc>
<msg timestamp="20220209 13:03:07.550" level="INFO">Typing text 'Anderson White' into text field 'id=name'.</msg>
<status status="PASS" starttime="20220209 13:03:07.550" endtime="20220209 13:03:07.887"/>
</kw>
<kw name="Input Text" library="SeleniumLibrary">
<arg>id=email</arg>
<arg>Andersontxa@gmail.com</arg>
<doc>Types the given ``text`` into the text field identified by ``locator``.</doc>
<msg timestamp="20220209 13:03:07.887" level="INFO">Typing text 'Andersontxa@gmail.com' into text field 'id=email'.</msg>
<status status="PASS" starttime="20220209 13:03:07.887" endtime="20220209 13:03:08.242"/>
</kw>
<kw name="Input Text" library="SeleniumLibrary">
<arg>id=password</arg>
<arg>qa123456</arg>
<doc>Types the given ``text`` into the text field identified by ``locator``.</doc>
<msg timestamp="20220209 13:03:08.242" level="INFO">Typing text 'qa123456' into text field 'id=password'.</msg>
<status status="PASS" starttime="20220209 13:03:08.242" endtime="20220209 13:03:08.504"/>
</kw>
<kw name="Click Element" library="SeleniumLibrary">
<arg>id=register</arg>
<doc>Click the element identified by ``locator``.</doc>
<msg timestamp="20220209 13:03:08.504" level="INFO">Clicking element 'id=register'.</msg>
<status status="PASS" starttime="20220209 13:03:08.504" endtime="20220209 13:03:08.661"/>
</kw>
<kw name="Capture Page Screenshot" library="SeleniumLibrary">
<doc>Takes a screenshot of the current page and embeds it into a log file.</doc>
<msg timestamp="20220209 13:03:09.186" level="INFO" html="true">&lt;/td&gt;&lt;/tr&gt;&lt;tr&gt;&lt;td colspan="3"&gt;&lt;a href="selenium-screenshot-10.png"&gt;&lt;img src="selenium-screenshot-10.png" width="800px"&gt;&lt;/a&gt;</msg>
<status status="PASS" starttime="20220209 13:03:08.661" endtime="20220209 13:03:09.186"/>
</kw>
<status status="PASS" starttime="20220209 13:03:07.550" endtime="20220209 13:03:09.186"/>
</kw>
<kw name="Prenchimento dos dados do usuario 3" library="Resource">
<kw name="Input Text" library="SeleniumLibrary">
<arg>id=name</arg>
<arg>Diego Alexandrino</arg>
<doc>Types the given ``text`` into the text field identified by ``locator``.</doc>
<msg timestamp="20220209 13:03:09.186" level="INFO">Typing text 'Diego Alexandrino' into text field 'id=name'.</msg>
<status status="PASS" starttime="20220209 13:03:09.186" endtime="20220209 13:03:09.583"/>
</kw>
<kw name="Input Text" library="SeleniumLibrary">
<arg>id=email</arg>
<arg>Diegotxa@gmail.com</arg>
<doc>Types the given ``text`` into the text field identified by ``locator``.</doc>
<msg timestamp="20220209 13:03:09.591" level="INFO">Typing text 'Diegotxa@gmail.com' into text field 'id=email'.</msg>
<status status="PASS" starttime="20220209 13:03:09.583" endtime="20220209 13:03:09.969"/>
</kw>
<kw name="Input Text" library="SeleniumLibrary">
<arg>id=password</arg>
<arg>qa123456</arg>
<doc>Types the given ``text`` into the text field identified by ``locator``.</doc>
<msg timestamp="20220209 13:03:09.969" level="INFO">Typing text 'qa123456' into text field 'id=password'.</msg>
<status status="PASS" starttime="20220209 13:03:09.969" endtime="20220209 13:03:10.243"/>
</kw>
<kw name="Click Element" library="SeleniumLibrary">
<arg>id=register</arg>
<doc>Click the element identified by ``locator``.</doc>
<msg timestamp="20220209 13:03:10.251" level="INFO">Clicking element 'id=register'.</msg>
<status status="PASS" starttime="20220209 13:03:10.243" endtime="20220209 13:03:10.354"/>
</kw>
<kw name="Capture Page Screenshot" library="SeleniumLibrary">
<doc>Takes a screenshot of the current page and embeds it into a log file.</doc>
<msg timestamp="20220209 13:03:10.795" level="INFO" html="true">&lt;/td&gt;&lt;/tr&gt;&lt;tr&gt;&lt;td colspan="3"&gt;&lt;a href="selenium-screenshot-11.png"&gt;&lt;img src="selenium-screenshot-11.png" width="800px"&gt;&lt;/a&gt;</msg>
<status status="PASS" starttime="20220209 13:03:10.354" endtime="20220209 13:03:10.810"/>
</kw>
<status status="PASS" starttime="20220209 13:03:09.186" endtime="20220209 13:03:10.810"/>
</kw>
<status status="PASS" starttime="20220209 13:03:02.911" endtime="20220209 13:03:10.810"/>
</kw>
<kw name="Quando o sistema deverá apresentar os usuários cadastrados">
<kw name="Usuário 1" library="Resource">
<kw name="Wait Until Element Is Visible" library="SeleniumLibrary">
<arg>id=tdUserId1</arg>
<doc>Waits until the element ``locator`` is visible.</doc>
<status status="PASS" starttime="20220209 13:03:10.810" endtime="20220209 13:03:10.894"/>
</kw>
<status status="PASS" starttime="20220209 13:03:10.810" endtime="20220209 13:03:10.902"/>
</kw>
<kw name="Usuário 2" library="Resource">
<kw name="Wait Until Element Is Visible" library="SeleniumLibrary">
<arg>id=tdUserName2</arg>
<doc>Waits until the element ``locator`` is visible.</doc>
<status status="PASS" starttime="20220209 13:03:10.902" endtime="20220209 13:03:10.967"/>
</kw>
<status status="PASS" starttime="20220209 13:03:10.902" endtime="20220209 13:03:10.967"/>
</kw>
<kw name="Usuário 3" library="Resource">
<kw name="Wait Until Element Is Visible" library="SeleniumLibrary">
<arg>xpath=//td[@id='tdUserEmail3']</arg>
<doc>Waits until the element ``locator`` is visible.</doc>
<status status="PASS" starttime="20220209 13:03:10.967" endtime="20220209 13:03:11.030"/>
</kw>
<kw name="Capture Page Screenshot" library="SeleniumLibrary">
<doc>Takes a screenshot of the current page and embeds it into a log file.</doc>
<msg timestamp="20220209 13:03:11.499" level="INFO" html="true">&lt;/td&gt;&lt;/tr&gt;&lt;tr&gt;&lt;td colspan="3"&gt;&lt;a href="selenium-screenshot-12.png"&gt;&lt;img src="selenium-screenshot-12.png" width="800px"&gt;&lt;/a&gt;</msg>
<status status="PASS" starttime="20220209 13:03:11.030" endtime="20220209 13:03:11.499"/>
</kw>
<status status="PASS" starttime="20220209 13:03:10.967" endtime="20220209 13:03:11.499"/>
</kw>
<status status="PASS" starttime="20220209 13:03:10.810" endtime="20220209 13:03:11.499"/>
</kw>
<kw name="Então excluir todos os usuário cadastrados">
<kw name="Exluir usuário 1" library="Resource">
<kw name="Click Element" library="SeleniumLibrary">
<arg>id=removeUser1</arg>
<doc>Click the element identified by ``locator``.</doc>
<msg timestamp="20220209 13:03:11.514" level="INFO">Clicking element 'id=removeUser1'.</msg>
<status status="PASS" starttime="20220209 13:03:11.514" endtime="20220209 13:03:11.699"/>
</kw>
<kw name="Capture Page Screenshot" library="SeleniumLibrary">
<doc>Takes a screenshot of the current page and embeds it into a log file.</doc>
<msg timestamp="20220209 13:03:12.235" level="INFO" html="true">&lt;/td&gt;&lt;/tr&gt;&lt;tr&gt;&lt;td colspan="3"&gt;&lt;a href="selenium-screenshot-13.png"&gt;&lt;img src="selenium-screenshot-13.png" width="800px"&gt;&lt;/a&gt;</msg>
<status status="PASS" starttime="20220209 13:03:11.699" endtime="20220209 13:03:12.235"/>
</kw>
<status status="PASS" starttime="20220209 13:03:11.514" endtime="20220209 13:03:12.235"/>
</kw>
<kw name="Exluir usuário 2" library="Resource">
<kw name="Click Element" library="SeleniumLibrary">
<arg>id=removeUser2</arg>
<doc>Click the element identified by ``locator``.</doc>
<msg timestamp="20220209 13:03:12.235" level="INFO">Clicking element 'id=removeUser2'.</msg>
<status status="PASS" starttime="20220209 13:03:12.235" endtime="20220209 13:03:12.404"/>
</kw>
<kw name="Capture Page Screenshot" library="SeleniumLibrary">
<doc>Takes a screenshot of the current page and embeds it into a log file.</doc>
<msg timestamp="20220209 13:03:12.845" level="INFO" html="true">&lt;/td&gt;&lt;/tr&gt;&lt;tr&gt;&lt;td colspan="3"&gt;&lt;a href="selenium-screenshot-14.png"&gt;&lt;img src="selenium-screenshot-14.png" width="800px"&gt;&lt;/a&gt;</msg>
<status status="PASS" starttime="20220209 13:03:12.412" endtime="20220209 13:03:12.845"/>
</kw>
<status status="PASS" starttime="20220209 13:03:12.235" endtime="20220209 13:03:12.845"/>
</kw>
<kw name="Exluir usuário 3" library="Resource">
<kw name="Click Element" library="SeleniumLibrary">
<arg>id=removeUser3</arg>
<doc>Click the element identified by ``locator``.</doc>
<msg timestamp="20220209 13:03:12.861" level="INFO">Clicking element 'id=removeUser3'.</msg>
<status status="PASS" starttime="20220209 13:03:12.861" endtime="20220209 13:03:13.032"/>
</kw>
<kw name="Capture Page Screenshot" library="SeleniumLibrary">
<doc>Takes a screenshot of the current page and embeds it into a log file.</doc>
<msg timestamp="20220209 13:03:13.582" level="INFO" html="true">&lt;/td&gt;&lt;/tr&gt;&lt;tr&gt;&lt;td colspan="3"&gt;&lt;a href="selenium-screenshot-15.png"&gt;&lt;img src="selenium-screenshot-15.png" width="800px"&gt;&lt;/a&gt;</msg>
<status status="PASS" starttime="20220209 13:03:13.032" endtime="20220209 13:03:13.582"/>
</kw>
<status status="PASS" starttime="20220209 13:03:12.861" endtime="20220209 13:03:13.582"/>
</kw>
<status status="PASS" starttime="20220209 13:03:11.499" endtime="20220209 13:03:13.582"/>
</kw>
<kw name="Fechar navegador" library="Resource" type="TEARDOWN">
<kw name="Close Browser" library="SeleniumLibrary">
<doc>Closes the current browser.</doc>
<status status="PASS" starttime="20220209 13:03:13.582" endtime="20220209 13:03:18.111"/>
</kw>
<kw name="Capture Page Screenshot" library="SeleniumLibrary">
<doc>Takes a screenshot of the current page and embeds it into a log file.</doc>
<msg timestamp="20220209 13:03:18.111" level="INFO">Cannot capture screenshot because no browser is open.</msg>
<status status="PASS" starttime="20220209 13:03:18.111" endtime="20220209 13:03:18.111"/>
</kw>
<status status="PASS" starttime="20220209 13:03:13.582" endtime="20220209 13:03:18.111"/>
</kw>
<status status="PASS" starttime="20220209 13:02:45.984" endtime="20220209 13:03:18.111"/>
</test>
<status status="PASS" starttime="20220209 13:02:44.701" endtime="20220209 13:03:18.127"/>
</suite>
<statistics>
<total>
<stat pass="1" fail="0" skip="0">All Tests</stat>
</total>
<tag>
</tag>
<suite>
<stat pass="1" fail="0" skip="0" id="s1" name="Cadastro">Cadastro</stat>
</suite>
</statistics>
<errors>
</errors>
</robot>
